<?xml version="1.0" encoding="UTF-8"?>
<!-- Generated by org.testng.reporters.JUnitXMLReporter -->
<testsuite ignored="0" hostname="LAPTOP-M5R7BE59" failures="1" tests="3" name="Error Validations Test" time="43.568" errors="0" timestamp="2025-05-23T14:12:46 ICT">
  <testcase classname="datnd.tests.ErrorValidationsTest" name="LoginErrorValidation" time="0.393">
    <skipped/>
  </testcase> <!-- LoginErrorValidation -->
  <testcase classname="datnd.tests.ErrorValidationsTest" name="LoginErrorValidation" time="0.383">
    <failure type="java.lang.AssertionError" message="expected [Incorrect email or password.] but found []">
      <![CDATA[java.lang.AssertionError: expected [Incorrect email or password.] but found []
at datnd.tests.ErrorValidationsTest.LoginErrorValidation(ErrorValidationsTest.java:24)
at java.base/java.util.ArrayList.forEach(ArrayList.java:1596)
at java.base/java.util.concurrent.FutureTask.run(FutureTask.java:317)
at java.base/java.util.concurrent.ThreadPoolExecutor.runWorker(ThreadPoolExecutor.java:1144)
at java.base/java.util.concurrent.ThreadPoolExecutor$Worker.run(ThreadPoolExecutor.java:642)
at java.base/java.lang.Thread.run(Thread.java:1583)
... Removed 21 stack frames]]>
    </failure>
  </testcase> <!-- LoginErrorValidation -->
  <testcase classname="datnd.tests.ErrorValidationsTest" name="ProductErrorValidation" time="2.22"/>
</testsuite> <!-- Error Validations Test -->
